2025-03-15 12:00:06 [main] INFO  test.java.java.JenkinsDemoRun - This is an INFO message
2025-03-15 12:00:06 [main] WARN  test.java.java.JenkinsDemoRun - This is a WARN message
2025-03-15 12:00:06 [main] ERROR test.java.java.JenkinsDemoRun - This is an ERROR message
2025-03-15 12:00:06 [main] FATAL test.java.java.JenkinsDemoRun - This is a FATAL message
2025-03-15 12:58:31 [main] INFO  test.java.java.JenkinsDemoRun - This is an INFO message
2025-03-15 12:58:31 [main] WARN  test.java.java.JenkinsDemoRun - This is a WARN message
2025-03-15 12:58:31 [main] ERROR test.java.java.JenkinsDemoRun - This is an ERROR message
2025-03-15 12:58:31 [main] FATAL test.java.java.JenkinsDemoRun - This is a FATAL message
2025-03-15 16:02:58 [main] INFO  test.java.JenkinsDemoRun - This is an INFO message
2025-03-15 16:02:58 [main] WARN  test.java.JenkinsDemoRun - This is a WARN message
2025-03-15 16:02:58 [main] ERROR test.java.JenkinsDemoRun - This is an ERROR message
2025-03-15 16:02:58 [main] FATAL test.java.JenkinsDemoRun - This is a FATAL message
2025-03-15 16:03:55 [main] INFO  test.java.JenkinsDemoRun - This is an INFO message
2025-03-15 16:03:55 [main] WARN  test.java.JenkinsDemoRun - This is a WARN message
2025-03-15 16:03:55 [main] ERROR test.java.JenkinsDemoRun - This is an ERROR message
2025-03-15 16:03:55 [main] FATAL test.java.JenkinsDemoRun - This is a FATAL message
2025-03-15 16:06:52 [main] INFO  test.java.JenkinsDemoRun - This is an INFO message
2025-03-15 16:06:52 [main] WARN  test.java.JenkinsDemoRun - This is a WARN message
2025-03-15 16:06:52 [main] ERROR test.java.JenkinsDemoRun - This is an ERROR message
2025-03-15 16:06:52 [main] FATAL test.java.JenkinsDemoRun - This is a FATAL message
2025-03-15 16:19:59 [main] INFO  test.java.test.JenkinsDemoRun - This is an INFO message
2025-03-15 16:19:59 [main] WARN  test.java.test.JenkinsDemoRun - This is a WARN message
2025-03-15 16:19:59 [main] ERROR test.java.test.JenkinsDemoRun - This is an ERROR message
2025-03-15 16:19:59 [main] FATAL test.java.test.JenkinsDemoRun - This is a FATAL message
2025-03-15 16:20:17 [main] INFO  test.java.test.JenkinsDemoRun - This is an INFO message
2025-03-15 16:20:17 [main] WARN  test.java.test.JenkinsDemoRun - This is a WARN message
2025-03-15 16:20:17 [main] ERROR test.java.test.JenkinsDemoRun - This is an ERROR message
2025-03-15 16:20:17 [main] FATAL test.java.test.JenkinsDemoRun - This is a FATAL message
2025-03-15 16:27:23 [main] INFO  test.JenkinsDemoRun - This is an INFO message
2025-03-15 16:27:23 [main] WARN  test.JenkinsDemoRun - This is a WARN message
2025-03-15 16:27:23 [main] ERROR test.JenkinsDemoRun - This is an ERROR message
2025-03-15 16:27:23 [main] FATAL test.JenkinsDemoRun - This is a FATAL message
2025-03-15 16:41:40 [main] INFO  test.JenkinsDemoRun - This is an INFO message
2025-03-15 16:41:40 [main] WARN  test.JenkinsDemoRun - This is a WARN message
2025-03-15 16:41:40 [main] ERROR test.JenkinsDemoRun - This is an ERROR message
2025-03-15 16:41:40 [main] FATAL test.JenkinsDemoRun - This is a FATAL message
